<?xml version="1.0" encoding="UTF-8"?>
<!-- Generated by org.testng.reporters.JUnitReportReporter -->
<testsuite skipped="2" hostname="CHETAN-PC" name="com.mycompany.app.CopyTest2" tests="2" failures="0" timestamp="11 Sep 2018 22:45:10 GMT" time="0.000" errors="0">
  <testcase name="invalidLoginTest_InvalidUserNameInvalidPassword" time="0.000" classname="com.mycompany.app.CopyTest2">
    <skipped/>
  </testcase> <!-- invalidLoginTest_InvalidUserNameInvalidPassword -->
  <testcase name="invalidLoginTest_EmptyUserEmptyPassword" time="0.000" classname="com.mycompany.app.CopyTest2">
    <skipped/>
  </testcase> <!-- invalidLoginTest_EmptyUserEmptyPassword -->
</testsuite> <!-- com.mycompany.app.CopyTest2 -->
